<?xml version="1.0" encoding="UTF-8"?>
<testsuite xmlns:xsi="http://www.w3.org/2001/XMLSchema-instance" xsi:noNamespaceSchemaLocation="https://maven.apache.org/surefire/maven-surefire-plugin/xsd/surefire-test-report-3.0.xsd" version="3.0" name="Runners.TestRun" time="9.855" tests="1" errors="0" skipped="0" failures="0">
  <properties>
[...]
</properties>
  <testcase name="the User should  create a new customer" classname="test the new customer page" time="9.259">
    <system-out><![CDATA[
Scenario: the User should  create a new customer  &amp#27;[90m# src/test/resources/2rdtest.feature:4&amp#27;[0m
the user on the web page
  &amp#27;[32mGiven &amp#27;[0m&amp#27;[32mthe user on the web page&amp#27;[0m                  &amp#27;[90m# StepDefinitions.Steps2.the_user_is_on_web_page()&amp#27;[0m
Clicked on start
  &amp#27;[32mWhen &amp#27;[0m&amp#27;[32mthe user clicked on start&amp#27;[0m                  &amp#27;[90m# StepDefinitions.Steps2.the_user_clicked_on_start()&amp#27;[0m
the user enters valid username: ujcZTFvR
  &amp#27;[32mAnd &amp#27;[0m&amp#27;[32mthe user enters valid username&amp#27;[0m              &amp#27;[90m# StepDefinitions.Steps2.the_user_enters_valid_username()&amp#27;[0m
Entered valid email: canyEsxnBL@gmail.com
  &amp#27;[32mAnd &amp#27;[0m&amp#27;[32mthe user enters valid email&amp#27;[0m                 &amp#27;[90m# StepDefinitions.Steps2.the_user_enters_valid_email()&amp#27;[0m
Entered valid password 
  &amp#27;[32mAnd &amp#27;[0m&amp#27;[32mthe user enters valid password&amp#27;[0m              &amp#27;[90m# StepDefinitions.Steps2.the_user_enters_valid_password()&amp#27;[0m
Entered valid password 
  &amp#27;[32mAnd &amp#27;[0m&amp#27;[32mthe user enters valid password confirmation&amp#27;[0m &amp#27;[90m# StepDefinitions.Steps2.the_user_enters_valid_password_confirmation()&amp#27;[0m
Clicked on i agree
  &amp#27;[32mAnd &amp#27;[0m&amp#27;[32mthe user hits i agree&amp#27;[0m                       &amp#27;[90m# StepDefinitions.Steps2.the_user_hits_i_agree()&amp#27;[0m
Clicked on save
  &amp#27;[32mAnd &amp#27;[0m&amp#27;[32mthe user hits save&amp#27;[0m                          &amp#27;[90m# StepDefinitions.Steps2.hits_save()&amp#27;[0m
Clicked on spin
  &amp#27;[32mAnd &amp#27;[0m&amp#27;[32mthe user hits spin&amp#27;[0m                          &amp#27;[90m# StepDefinitions.Steps2.hits_spin()&amp#27;[0m
]]></system-out>
    <system-err><![CDATA[Jun 30, 2024 2:37:30 PM org.openqa.selenium.devtools.CdpVersionFinder findNearestMatch
WARNING: Unable to find an exact match for CDP version 126, returning the closest version; found: 124; Please update to a Selenium version that supports CDP version 126
]]></system-err>
  </testcase>
</testsuite>